c:\users\usuari\downloads\panic bomber\panic bomber\panic bomber\source\debug\vc142.pdb
c:\users\usuari\downloads\panic bomber\panic bomber\panic bomber\source\debug\vc142.idb
c:\users\usuari\downloads\panic bomber\panic bomber\panic bomber\source\debug\particle.obj
c:\users\usuari\downloads\panic bomber\panic bomber\panic bomber\source\debug\module.obj
c:\users\usuari\downloads\panic bomber\panic bomber\panic bomber\source\debug\main.obj
c:\users\usuari\downloads\panic bomber\panic bomber\panic bomber\source\debug\modulewindow.obj
c:\users\usuari\downloads\panic bomber\panic bomber\panic bomber\source\debug\moduletextures.obj
c:\users\usuari\downloads\panic bomber\panic bomber\panic bomber\source\debug\modulerender.obj
c:\users\usuari\downloads\panic bomber\panic bomber\panic bomber\source\debug\moduleinput.obj
c:\users\usuari\downloads\panic bomber\panic bomber\panic bomber\source\debug\stage1.obj
c:\users\usuari\downloads\panic bomber\panic bomber\panic bomber\source\debug\modulebomberman.obj
c:\users\usuari\downloads\panic bomber\panic bomber\panic bomber\source\debug\moduleparticles.obj
c:\users\usuari\downloads\panic bomber\panic bomber\panic bomber\source\debug\modulefadetoblack.obj
c:\users\usuari\downloads\panic bomber\panic bomber\panic bomber\source\debug\modulecollisions.obj
c:\users\usuari\downloads\panic bomber\panic bomber\panic bomber\source\debug\moduleaudio.obj
c:\users\usuari\downloads\panic bomber\panic bomber\panic bomber\source\debug\globals.obj
c:\users\usuari\downloads\panic bomber\panic bomber\panic bomber\source\debug\collider.obj
c:\users\usuari\downloads\panic bomber\panic bomber\panic bomber\source\debug\sceneintro.obj
c:\users\usuari\downloads\panic bomber\panic bomber\panic bomber\source\debug\bomberman.obj
c:\users\usuari\downloads\panic bomber\panic bomber\panic bomber\source\debug\application.obj
c:\users\usuari\downloads\projecte-1-copy\projecte-1-dev\project_6_solution\source\debug\vc142.pdb
c:\users\usuari\downloads\projecte-1-copy\projecte-1-dev\project_6_solution\source\debug\vc142.idb
c:\users\usuari\downloads\projecte-1-copy\projecte-1-dev\project_6_solution\source\debug\particle.obj
c:\users\usuari\downloads\projecte-1-copy\projecte-1-dev\project_6_solution\source\debug\module.obj
c:\users\usuari\downloads\projecte-1-copy\projecte-1-dev\project_6_solution\source\debug\main.obj
c:\users\usuari\downloads\projecte-1-copy\projecte-1-dev\project_6_solution\source\debug\modulewindow.obj
c:\users\usuari\downloads\projecte-1-copy\projecte-1-dev\project_6_solution\source\debug\moduletextures.obj
c:\users\usuari\downloads\projecte-1-copy\projecte-1-dev\project_6_solution\source\debug\modulerender.obj
c:\users\usuari\downloads\projecte-1-copy\projecte-1-dev\project_6_solution\source\debug\moduleinput.obj
c:\users\usuari\downloads\projecte-1-copy\projecte-1-dev\project_6_solution\source\debug\stage1.obj
c:\users\usuari\downloads\projecte-1-copy\projecte-1-dev\project_6_solution\source\debug\modulebomberman.obj
c:\users\usuari\downloads\projecte-1-copy\projecte-1-dev\project_6_solution\source\debug\moduleparticles.obj
c:\users\usuari\downloads\projecte-1-copy\projecte-1-dev\project_6_solution\source\debug\modulefadetoblack.obj
c:\users\usuari\downloads\projecte-1-copy\projecte-1-dev\project_6_solution\source\debug\modulecollisions.obj
c:\users\usuari\downloads\projecte-1-copy\projecte-1-dev\project_6_solution\source\debug\moduleaudio.obj
c:\users\usuari\downloads\projecte-1-copy\projecte-1-dev\project_6_solution\source\debug\globals.obj
c:\users\usuari\downloads\projecte-1-copy\projecte-1-dev\project_6_solution\source\debug\collider.obj
c:\users\usuari\downloads\projecte-1-copy\projecte-1-dev\project_6_solution\source\debug\sceneintro.obj
c:\users\usuari\downloads\projecte-1-copy\projecte-1-dev\project_6_solution\source\debug\bomberman.obj
c:\users\usuari\downloads\projecte-1-copy\projecte-1-dev\project_6_solution\source\debug\application.obj
c:\users\usuari\downloads\projecte-1-dev\projecte-1-dev\project_6_solution\source\debug\vc142.pdb
c:\users\usuari\downloads\projecte-1-dev\projecte-1-dev\project_6_solution\source\debug\vc142.idb
c:\users\usuari\downloads\projecte-1-dev\projecte-1-dev\project_6_solution\source\debug\modulefadetoblack.obj
c:\users\usuari\downloads\projecte-1-dev\projecte-1-dev\project_6_solution\source\debug\modulecollisions.obj
c:\users\usuari\downloads\projecte-1-dev\projecte-1-dev\project_6_solution\source\debug\moduleaudio.obj
c:\users\usuari\downloads\projecte-1-dev\projecte-1-dev\project_6_solution\source\debug\particle.obj
c:\users\usuari\downloads\projecte-1-dev\projecte-1-dev\project_6_solution\source\debug\bomberman.obj
c:\users\usuari\downloads\projecte-1-dev\projecte-1-dev\project_6_solution\source\debug\main.obj
c:\users\usuari\downloads\projecte-1-dev\projecte-1-dev\project_6_solution\source\debug\globals.obj
c:\users\usuari\downloads\projecte-1-dev\projecte-1-dev\project_6_solution\source\debug\application.obj
c:\users\usuari\downloads\projecte-1-dev\projecte-1-dev\project_6_solution\source\debug\collider.obj
c:\users\usuari\downloads\projecte-1-dev\projecte-1-dev\project_6_solution\source\debug\module.obj
c:\users\usuari\downloads\projecte-1-dev\projecte-1-dev\project_6_solution\source\debug\stage1.obj
c:\users\usuari\downloads\projecte-1-dev\projecte-1-dev\project_6_solution\source\debug\sceneintro.obj
c:\users\usuari\downloads\projecte-1-dev\projecte-1-dev\project_6_solution\source\debug\modulebomberman.obj
c:\users\usuari\downloads\projecte-1-dev\projecte-1-dev\project_6_solution\source\debug\modulewindow.obj
c:\users\usuari\downloads\projecte-1-dev\projecte-1-dev\project_6_solution\source\debug\moduletextures.obj
c:\users\usuari\downloads\projecte-1-dev\projecte-1-dev\project_6_solution\source\debug\modulerender.obj
c:\users\usuari\downloads\projecte-1-dev\projecte-1-dev\project_6_solution\source\debug\moduleparticles.obj
c:\users\usuari\downloads\projecte-1-dev\projecte-1-dev\project_6_solution\source\debug\moduleinput.obj
c:\users\usuari\downloads\panic bomber\panic bomber\panic bomber\source\debug\panicbomber.ilk
c:\users\usuari\downloads\panic bomber\panic bomber\debug\panicbomber.exe
c:\users\usuari\downloads\panic bomber\panic bomber\debug\panicbomber.pdb
c:\users\usuari\downloads\projecte-1-copy\projecte-1-dev\project_6_solution\source\debug\panicbomber.ilk
c:\users\usuari\downloads\projecte-1-copy\projecte-1-dev\debug\panicbomber.exe
c:\users\usuari\downloads\projecte-1-copy\projecte-1-dev\debug\panicbomber.pdb
c:\users\usuari\downloads\projecte-1-dev\projecte-1-dev\debug\panicbomber.exe
c:\users\usuari\downloads\projecte-1-dev\projecte-1-dev\project_6_solution\source\debug\panicbomber.ilk
c:\users\usuari\downloads\projecte-1-dev\projecte-1-dev\debug\panicbomber.pdb
c:\users\usuari\downloads\projecte-1-dev\projecte-1-dev\project_6_solution\source\debug\panicbomber.tlog\cl.command.1.tlog
c:\users\usuari\downloads\projecte-1-dev\projecte-1-dev\project_6_solution\source\debug\panicbomber.tlog\cl.read.1.tlog
c:\users\usuari\downloads\projecte-1-dev\projecte-1-dev\project_6_solution\source\debug\panicbomber.tlog\cl.write.1.tlog
c:\users\usuari\downloads\projecte-1-dev\projecte-1-dev\project_6_solution\source\debug\panicbomber.tlog\link.command.1.tlog
c:\users\usuari\downloads\projecte-1-dev\projecte-1-dev\project_6_solution\source\debug\panicbomber.tlog\link.read.1.tlog
c:\users\usuari\downloads\projecte-1-dev\projecte-1-dev\project_6_solution\source\debug\panicbomber.tlog\link.write.1.tlog
